d:\year 3 - semester 5\game 301 - game engine design\game301engine\game301engine\debug\game301engine.pdb
d:\year 3 - semester 5\game 301 - game engine design\game301engine\game301engine\debug\game301engine.idb
d:\year 3 - semester 5\game 301 - game engine design\game301engine\game301engine\debug\hashtable.obj
d:\year 3 - semester 5\game 301 - game engine design\game301engine\game301engine\debug\imagemanager.obj
d:\year 3 - semester 5\game 301 - game engine design\game301engine\game301engine\debug\logmanager.obj
d:\year 3 - semester 5\game 301 - game engine design\game301engine\game301engine\debug\material.obj
d:\year 3 - semester 5\game 301 - game engine design\game301engine\game301engine\debug\materialmanager.obj
d:\year 3 - semester 5\game 301 - game engine design\game301engine\game301engine\debug\matrixstack.obj
d:\year 3 - semester 5\game 301 - game engine design\game301engine\game301engine\debug\mesh.obj
d:\year 3 - semester 5\game 301 - game engine design\game301engine\game301engine\debug\model.obj
d:\year 3 - semester 5\game 301 - game engine design\game301engine\game301engine\debug\modelmanager.obj
d:\year 3 - semester 5\game 301 - game engine design\game301engine\game301engine\debug\resourcemanager.obj
d:\year 3 - semester 5\game 301 - game engine design\game301engine\game301engine\debug\scenenode.obj
d:\year 3 - semester 5\game 301 - game engine design\game301engine\game301engine\debug\shader.obj
d:\year 3 - semester 5\game 301 - game engine design\game301engine\game301engine\debug\shadermanager.obj
d:\year 3 - semester 5\game 301 - game engine design\game301engine\game301engine\debug\stb_image.obj
d:\year 3 - semester 5\game 301 - game engine design\game301engine\game301engine\debug\texture.obj
d:\year 3 - semester 5\game 301 - game engine design\game301engine\game301engine\debug\timer.obj
d:\year 3 - semester 5\game 301 - game engine design\game301engine\game301engine\debug\vertex.obj
d:\year 3 - semester 5\game 301 - game engine design\game301engine\game301engine\debug\window.obj
d:\year 3 - semester 5\game 301 - game engine design\game301engine\game301engine\debug\effectedmodel.obj
d:\year 3 - semester 5\game 301 - game engine design\game301engine\game301engine\debug\gameengine.obj
d:\year 3 - semester 5\game 301 - game engine design\game301engine\game301engine\debug\gameobject.obj
d:\year 3 - semester 5\game 301 - game engine design\game301engine\game301engine\debug\openglrenderer.obj
d:\year 3 - semester 5\game 301 - game engine design\game301engine\game301engine\debug\scenegraph.obj
d:\year 3 - semester 5\game 301 - game engine design\game301engine\game301engine\debug\camera.obj
d:\year 3 - semester 5\game 301 - game engine design\game301engine\debug\game301engine.lib
d:\year 3 - semester 5\game 301 - game engine design\game301engine\debug\game301engine.pdb
d:\year 3 - semester 5\game 301 - game engine design\game301engine\game301engine\debug\game301engine.tlog\cl.command.1.tlog
d:\year 3 - semester 5\game 301 - game engine design\game301engine\game301engine\debug\game301engine.tlog\cl.read.1.tlog
d:\year 3 - semester 5\game 301 - game engine design\game301engine\game301engine\debug\game301engine.tlog\cl.write.1.tlog
d:\year 3 - semester 5\game 301 - game engine design\game301engine\game301engine\debug\game301engine.tlog\lib-link.read.1.tlog
d:\year 3 - semester 5\game 301 - game engine design\game301engine\game301engine\debug\game301engine.tlog\lib-link.write.1.tlog
d:\year 3 - semester 5\game 301 - game engine design\game301engine\game301engine\debug\game301engine.tlog\lib.command.1.tlog
