  OpenGLRenderer.cpp
  Hashtable.cpp
  Generating Code...
  Compiling...
  ResourceManager.cpp
  Generating Code...
  Skipping... (no relevant changes detected)
  Mesh.cpp
SDL2.lib(SDL2.dll) : warning LNK4006: __NULL_IMPORT_DESCRIPTOR already defined in opengl32.lib(OPENGL32.dll); second definition ignored
SDL2.lib(SDL2.dll) : warning LNK4221: This object file does not define any previously undefined public symbols, so it will not be used by any link operation that consumes this library
SDL2_ttf.lib(SDL2_ttf.dll) : warning LNK4006: __NULL_IMPORT_DESCRIPTOR already defined in opengl32.lib(OPENGL32.dll); second definition ignored
SDL2_ttf.lib(SDL2_ttf.dll) : warning LNK4221: This object file does not define any previously undefined public symbols, so it will not be used by any link operation that consumes this library
SDL2_mixer.lib(SDL2_mixer.dll) : warning LNK4006: __NULL_IMPORT_DESCRIPTOR already defined in opengl32.lib(OPENGL32.dll); second definition ignored
SDL2_mixer.lib(SDL2_mixer.dll) : warning LNK4221: This object file does not define any previously undefined public symbols, so it will not be used by any link operation that consumes this library
glew32.lib(glew32.dll) : warning LNK4006: __NULL_IMPORT_DESCRIPTOR already defined in opengl32.lib(OPENGL32.dll); second definition ignored
glew32.lib(glew32.dll) : warning LNK4221: This object file does not define any previously undefined public symbols, so it will not be used by any link operation that consumes this library
glew32s.lib(glew.obj) : warning LNK4006: _glewGetErrorString@4 already defined in glew32.lib(glew32.dll); second definition ignored
glew32s.lib(glew.obj) : warning LNK4006: _glewGetExtension@4 already defined in glew32.lib(glew32.dll); second definition ignored
glew32s.lib(glew.obj) : warning LNK4006: _glewGetString@4 already defined in glew32.lib(glew32.dll); second definition ignored
glew32s.lib(glew.obj) : warning LNK4006: _glewInit@0 already defined in glew32.lib(glew32.dll); second definition ignored
glew32s.lib(glew.obj) : warning LNK4006: _glewIsSupported@4 already defined in glew32.lib(glew32.dll); second definition ignored
glew32s.lib(glew.obj) : warning LNK4006: _wglewGetExtension@4 already defined in glew32.lib(glew32.dll); second definition ignored
glew32s.lib(glew.obj) : warning LNK4006: _wglewInit@0 already defined in glew32.lib(glew32.dll); second definition ignored
glew32s.lib(glew.obj) : warning LNK4006: _wglewIsSupported@4 already defined in glew32.lib(glew32.dll); second definition ignored
ResourceManager.obj : warning LNK4221: This object file does not define any previously undefined public symbols, so it will not be used by any link operation that consumes this library
Hashtable.obj : warning LNK4221: This object file does not define any previously undefined public symbols, so it will not be used by any link operation that consumes this library
  Game301Engine.vcxproj -> D:\Year 3 - Semester 5\Game 301 - Game Engine Design\Game301Engine\Debug\Game301Engine.lib
